\BOOKMARK [0][-]{chapter*.1}{Abbildungsverzeichnis}{}% 1
\BOOKMARK [0][-]{chapter*.2}{Verzeichnis der Codebeispiele}{}% 2
\BOOKMARK [0][-]{chapter.1}{1 Einleitung}{}% 3
\BOOKMARK [1][-]{section.1.1}{1.1 Problemstellung}{chapter.1}% 4
\BOOKMARK [1][-]{section.1.2}{1.2 Zielsetzung und Forschungsfragen}{chapter.1}% 5
\BOOKMARK [0][-]{chapter.2}{2 Stand der Technik und Konzepte}{}% 6
\BOOKMARK [1][-]{section.2.1}{2.1 Herausforderungen in der Entwicklung in Teams \(Kultur und menschliche Aspekte\)}{chapter.2}% 7
\BOOKMARK [1][-]{section.2.2}{2.2 Herausforderungen in der Entwicklung in Teams \(Aspekte im Prozess\)}{chapter.2}% 8
\BOOKMARK [1][-]{section.2.3}{2.3 Code Qualit\344t und die Entwicklung in Teams}{chapter.2}% 9
\BOOKMARK [0][-]{chapter.3}{3 Konzept}{}% 10
\BOOKMARK [1][-]{section.3.1}{3.1 Bestehende Datenbank und Applikationen}{chapter.3}% 11
\BOOKMARK [1][-]{section.3.2}{3.2 Funktionalit\344ten}{chapter.3}% 12
\BOOKMARK [1][-]{section.3.3}{3.3 Infrastruktur und Interaktion der Teilprojekte}{chapter.3}% 13
\BOOKMARK [0][-]{chapter.4}{4 Umsetzung}{}% 14
\BOOKMARK [1][-]{section.4.1}{4.1 Technologien}{chapter.4}% 15
\BOOKMARK [1][-]{section.4.2}{4.2 Userverwaltung}{chapter.4}% 16
\BOOKMARK [1][-]{section.4.3}{4.3 Anbindung der Versionsverwaltung f\374r spezifische User-Unterst\374tzung}{chapter.4}% 17
\BOOKMARK [1][-]{section.4.4}{4.4 Cron Job und Report Sender f\374r Berichte}{chapter.4}% 18
\BOOKMARK [1][-]{section.4.5}{4.5 Kommentare}{chapter.4}% 19
\BOOKMARK [1][-]{section.4.6}{4.6 Android Applikation}{chapter.4}% 20
\BOOKMARK [0][-]{chapter.5}{5 Evaluation}{}% 21
\BOOKMARK [1][-]{section.5.1}{5.1 Vergleiche der neuen Features mit anderen L\366sungen}{chapter.5}% 22
\BOOKMARK [1][-]{section.5.2}{5.2 Evaluierung der Applikationen anhand von Testpersonen}{chapter.5}% 23
\BOOKMARK [0][-]{chapter.6}{6 Fazit und Ausblick}{}% 24
\BOOKMARK [0][-]{chapter*.11}{Literatur}{}% 25
